<?xml version="1.0" encoding="UTF-8"?>
<testsuite xmlns:xsi="http://www.w3.org/2001/XMLSchema-instance" xsi:noNamespaceSchemaLocation="https://maven.apache.org/surefire/maven-surefire-plugin/xsd/surefire-test-report-3.0.xsd" version="3.0" name="runner.TestRunner" time="516.974" tests="14" errors="5" skipped="0" failures="0">
  <properties>
[...]
</properties>
  <testcase name="User Would to like to see the Account Profile" classname="Test Home Depot functionalities" time="58.674">
    <system-out><![CDATA[
@Account_Profile
Scenario: User Would to like to see the Account Profile                        &amp#27;[90m# src/test/resources/Features/HomeDepot_Test.feature:7&amp#27;[0m
18:32:52.040 [main] &amp#27;[0mINFO  step_definations.Hooks - Launch Chrome Browser&amp#27;[m
18:33:13.014 [main] &amp#27;[0mINFO  step_definations.ElectricalSteps - User is on the Home Page&amp#27;[m
  &amp#27;[32mGiven &amp#27;[0m&amp#27;[32mUser on the Home Page&amp#27;[0m                                                  &amp#27;[90m# step_definations.ElectricalSteps.navigateToHomePageForElectrical()&amp#27;[0m
  &amp#27;[32mAnd &amp#27;[0m&amp#27;[32mClick on My Account&amp#27;[0m                                                      &amp#27;[90m# step_definations.SignInSteps.clickOnMyAccountSteps()&amp#27;[0m
  &amp#27;[32mAnd &amp#27;[0m&amp#27;[32mClick on Sign in button&amp#27;[0m                                                  &amp#27;[90m# step_definations.SignInSteps.clickOnSigninButtonSteps()&amp#27;[0m
18:33:31.828 [main] &amp#27;[0mINFO  step_definations.SignInSteps - user has entered Credentials&amp#27;[m
  &amp#27;[32mWhen &amp#27;[0m&amp#27;[32muser enters email "&amp#27;[0m&amp#27;[32m&amp#27;[1masarker0420@gmail.com&amp#27;[0m&amp#27;[32m" and password "&amp#27;[0m&amp#27;[32m&amp#27;[1mIdontknow0420@&amp#27;[0m&amp#27;[32m"&amp#27;[0m &amp#27;[90m# step_definations.SignInSteps.enterUserCredentials(java.lang.String,java.lang.String)&amp#27;[0m
  &amp#27;[32mAnd &amp#27;[0m&amp#27;[32mClick on Sign In&amp#27;[0m                                                         &amp#27;[90m# step_definations.SignInSteps.clickOnSigninSteps()&amp#27;[0m
18:33:39.592 [main] &amp#27;[0mINFO  page_object.AccountProfile - User is Click on the Hello My Account&amp#27;[m
  &amp#27;[32mAnd &amp#27;[0m&amp#27;[32mClick on Hello My Account&amp#27;[0m                                                &amp#27;[90m# step_definations.AccountProfileSteps.clickOnHelloAccountSteps()&amp#27;[0m
18:33:42.108 [main] &amp#27;[0mINFO  page_object.AccountProfile - User is Click on the Account Profile&amp#27;[m
  &amp#27;[32mAnd &amp#27;[0m&amp#27;[32mClick On Account Profile&amp#27;[0m                                                 &amp#27;[90m# step_definations.AccountProfileSteps.clickOnAccountProfileSteps()&amp#27;[0m
  &amp#27;[32mThen &amp#27;[0m&amp#27;[32mUser should able to see the Account Profile&amp#27;[0m                             &amp#27;[90m# step_definations.AccountProfileSteps.validateAccountProfileSteps()&amp#27;[0m
18:33:45.621 [main] &amp#27;[0mINFO  step_definations.Hooks - Close Chrome Browser&amp#27;[m
]]></system-out>
    <system-err><![CDATA[SLF4J: Failed to load class "org.slf4j.impl.StaticLoggerBinder".
SLF4J: Defaulting to no-operation (NOP) logger implementation
SLF4J: See http://www.slf4j.org/codes.html#StaticLoggerBinder for further details.
Starting ChromeDriver 92.0.4515.107 (87a818b10553a07434ea9e2b6dccf3cbe7895134-refs/branch-heads/4515@{#1634}) on port 13897
Only local connections are allowed.
Please see https://chromedriver.chromium.org/security-considerations for suggestions on keeping ChromeDriver safe.
[1632522768.740][WARNING]: FromSockAddr failed on netmask
ChromeDriver was started successfully.
Sep 24, 2021 6:32:52 PM org.openqa.selenium.remote.ProtocolHandshake createSession
INFO: Detected dialect: W3C
]]></system-err>
  </testcase>
  <testcase name="User would like to see all the Electrical Items" classname="Test Home Depot functionalities" time="27.83">
    <system-out><![CDATA[
@Electrical
Scenario: User would like to see all the Electrical Items &amp#27;[90m# src/test/resources/Features/HomeDepot_Test.feature:19&amp#27;[0m
18:33:47.781 [main] &amp#27;[0mINFO  step_definations.Hooks - Launch Chrome Browser&amp#27;[m
18:34:01.596 [main] &amp#27;[0mINFO  step_definations.ElectricalSteps - User is on the Home Page&amp#27;[m
  &amp#27;[32mGiven &amp#27;[0m&amp#27;[32mUser on the Home Page&amp#27;[0m                             &amp#27;[90m# step_definations.ElectricalSteps.navigateToHomePageForElectrical()&amp#27;[0m
  &amp#27;[32mWhen &amp#27;[0m&amp#27;[32mUser Mouse hover on All Departments&amp#27;[0m                &amp#27;[90m# step_definations.ElectricalSteps.mouseHoverToAllDepartments()&amp#27;[0m
  &amp#27;[32mAnd &amp#27;[0m&amp#27;[32mClick on Electrical&amp#27;[0m                                 &amp#27;[90m# step_definations.ElectricalSteps.clickOnElectrical()&amp#27;[0m
  &amp#27;[32mThen &amp#27;[0m&amp#27;[32mUser should open the Electrical Page&amp#27;[0m               &amp#27;[90m# step_definations.ElectricalSteps.valodateElectricalPage()&amp#27;[0m
18:34:13.462 [main] &amp#27;[0mINFO  step_definations.Hooks - Close Chrome Browser&amp#27;[m
]]></system-out>
    <system-err><![CDATA[Starting ChromeDriver 92.0.4515.107 (87a818b10553a07434ea9e2b6dccf3cbe7895134-refs/branch-heads/4515@{#1634}) on port 12512
Only local connections are allowed.
Please see https://chromedriver.chromium.org/security-considerations for suggestions on keeping ChromeDriver safe.
[1632522825.799][WARNING]: FromSockAddr failed on netmask
ChromeDriver was started successfully.
Sep 24, 2021 6:33:47 PM org.openqa.selenium.remote.ProtocolHandshake createSession
INFO: Detected dialect: W3C
]]></system-err>
  </testcase>
  <testcase name="User would like to see Husky Items" classname="Test Home Depot functionalities" time="26.209">
    <system-out><![CDATA[
@Husky
Scenario: User would like to see Husky Items   &amp#27;[90m# src/test/resources/Features/HomeDepot_Test.feature:27&amp#27;[0m
18:34:15.306 [main] &amp#27;[0mINFO  step_definations.Hooks - Launch Chrome Browser&amp#27;[m
18:34:27.191 [main] &amp#27;[0mINFO  step_definations.ElectricalSteps - User is on the Home Page&amp#27;[m
  &amp#27;[32mGiven &amp#27;[0m&amp#27;[32mUser on the Home Page&amp#27;[0m                  &amp#27;[90m# step_definations.ElectricalSteps.navigateToHomePageForElectrical()&amp#27;[0m
  &amp#27;[32mAnd &amp#27;[0m&amp#27;[32mClick on Husky&amp#27;[0m                           &amp#27;[90m# step_definations.HuskySteps.clickOnHuskeyStep()&amp#27;[0m
  &amp#27;[32mThen &amp#27;[0m&amp#27;[32mUser should able to see the Huskey page&amp#27;[0m &amp#27;[90m# step_definations.HuskySteps.validateHuskyStep()&amp#27;[0m
18:34:39.690 [main] &amp#27;[0mINFO  step_definations.Hooks - Close Chrome Browser&amp#27;[m
]]></system-out>
    <system-err><![CDATA[Starting ChromeDriver 92.0.4515.107 (87a818b10553a07434ea9e2b6dccf3cbe7895134-refs/branch-heads/4515@{#1634}) on port 35770
Only local connections are allowed.
Please see https://chromedriver.chromium.org/security-considerations for suggestions on keeping ChromeDriver safe.
[1632522853.626][WARNING]: FromSockAddr failed on netmask
ChromeDriver was started successfully.
Sep 24, 2021 6:34:15 PM org.openqa.selenium.remote.ProtocolHandshake createSession
INFO: Detected dialect: W3C
]]></system-err>
  </testcase>
  <testcase name="User would like to see an Item Details" classname="Test Home Depot functionalities" time="37.122">
    <system-out><![CDATA[
@Item_Details
Scenario: User would like to see an Item Details &amp#27;[90m# src/test/resources/Features/HomeDepot_Test.feature:33&amp#27;[0m
18:34:41.159 [main] &amp#27;[0mINFO  step_definations.Hooks - Launch Chrome Browser&amp#27;[m
18:34:52.039 [main] &amp#27;[0mINFO  step_definations.ElectricalSteps - User is on the Home Page&amp#27;[m
  &amp#27;[32mGiven &amp#27;[0m&amp#27;[32mUser on the Home Page&amp#27;[0m                    &amp#27;[90m# step_definations.ElectricalSteps.navigateToHomePageForElectrical()&amp#27;[0m
  &amp#27;[32mAnd &amp#27;[0m&amp#27;[32mClick on the Search Bar&amp#27;[0m                    &amp#27;[90m# step_definations.SearchSteps.clickOnSearchBarStep()&amp#27;[0m
18:34:59.814 [main] &amp#27;[0mINFO  step_definations.SearchSteps - User entered the item in the search bar&amp#27;[m
  &amp#27;[32mWhen &amp#27;[0m&amp#27;[32mUser would like to Search "&amp#27;[0m&amp#27;[32m&amp#27;[1mDoor Bell&amp#27;[0m&amp#27;[32m"&amp#27;[0m     &amp#27;[90m# step_definations.SearchSteps.enterSearchItem(java.lang.String)&amp#27;[0m
  &amp#27;[32mAnd &amp#27;[0m&amp#27;[32mClick on Search Button&amp#27;[0m                     &amp#27;[90m# step_definations.SearchSteps.clickOnSearchButtonSteps()&amp#27;[0m
  &amp#27;[32mAnd &amp#27;[0m&amp#27;[32mUser Click on Wireless DoorBell Buttons&amp#27;[0m    &amp#27;[90m# step_definations.ItemDetailsSteps.clickOnSearchButtonSteps()&amp#27;[0m
  &amp#27;[32mAnd &amp#27;[0m&amp#27;[32mClick to Open a Hampton Bay&amp#27;[0m                &amp#27;[90m# step_definations.ItemDetailsSteps.clickOnHamptonBaySteps()&amp#27;[0m
  &amp#27;[32mThen &amp#27;[0m&amp#27;[32mUser should able to see Item Details&amp#27;[0m      &amp#27;[90m# step_definations.ItemDetailsSteps.validateItemPageSteps()&amp#27;[0m
18:35:16.798 [main] &amp#27;[0mINFO  step_definations.Hooks - Close Chrome Browser&amp#27;[m
]]></system-out>
    <system-err><![CDATA[Starting ChromeDriver 92.0.4515.107 (87a818b10553a07434ea9e2b6dccf3cbe7895134-refs/branch-heads/4515@{#1634}) on port 31891
Only local connections are allowed.
Please see https://chromedriver.chromium.org/security-considerations for suggestions on keeping ChromeDriver safe.
[1632522879.844][WARNING]: FromSockAddr failed on netmask
ChromeDriver was started successfully.
Sep 24, 2021 6:34:41 PM org.openqa.selenium.remote.ProtocolHandshake createSession
INFO: Detected dialect: W3C
]]></system-err>
  </testcase>
  <testcase name="User would like to see Local Ad &amp; Catalog Page" classname="Test Home Depot functionalities" time="27.112">
    <system-out><![CDATA[
@LocalAdAndCatalog
Scenario: User would like to see Local Ad & Catalog Page &amp#27;[90m# src/test/resources/Features/HomeDepot_Test.feature:43&amp#27;[0m
18:35:18.565 [main] &amp#27;[0mINFO  step_definations.Hooks - Launch Chrome Browser&amp#27;[m
18:35:32.812 [main] &amp#27;[0mINFO  step_definations.ElectricalSteps - User is on the Home Page&amp#27;[m
  &amp#27;[32mGiven &amp#27;[0m&amp#27;[32mUser on the Home Page&amp#27;[0m                            &amp#27;[90m# step_definations.ElectricalSteps.navigateToHomePageForElectrical()&amp#27;[0m
18:35:39.916 [main] &amp#27;[0mINFO  step_definations.ElectricalSteps - User is on the Home Page&amp#27;[m
  &amp#27;[32mGiven &amp#27;[0m&amp#27;[32mUser on the Home Page&amp#27;[0m                            &amp#27;[90m# step_definations.ElectricalSteps.navigateToHomePageForElectrical()&amp#27;[0m
  &amp#27;[32mAnd &amp#27;[0m&amp#27;[32mClick on Local Ad & Catalog&amp#27;[0m                        &amp#27;[90m# step_definations.LocalAdAndCatalogSteps.clickOnLocalADAndCatalogSteps()&amp#27;[0m
  &amp#27;[32mThen &amp#27;[0m&amp#27;[32mUser should see the Local Ad & Catalog Page&amp#27;[0m       &amp#27;[90m# step_definations.LocalAdAndCatalogSteps.valodateLocalAdPageSteps()&amp#27;[0m
18:35:43.914 [main] &amp#27;[0mINFO  step_definations.Hooks - Close Chrome Browser&amp#27;[m
]]></system-out>
    <system-err><![CDATA[Starting ChromeDriver 92.0.4515.107 (87a818b10553a07434ea9e2b6dccf3cbe7895134-refs/branch-heads/4515@{#1634}) on port 12338
Only local connections are allowed.
Please see https://chromedriver.chromium.org/security-considerations for suggestions on keeping ChromeDriver safe.
[1632522916.943][WARNING]: FromSockAddr failed on netmask
ChromeDriver was started successfully.
Sep 24, 2021 6:35:18 PM org.openqa.selenium.remote.ProtocolHandshake createSession
INFO: Detected dialect: W3C
]]></system-err>
  </testcase>
  <testcase name="User would like to see the New Lower Prices" classname="Test Home Depot functionalities" time="40.936">
    <error type="org.openqa.selenium.NoSuchElementException"><![CDATA[org.openqa.selenium.NoSuchElementException: 
no such element: Unable to locate element: {"method":"xpath","selector":"//span[normalize-space()='Savings Center: New Lower Prices']"}
  (Session info: chrome=92.0.4515.159)
For documentation on this error, please visit: https://www.seleniumhq.org/exceptions/no_such_element.html
Build info: version: '3.141.59', revision: 'e82be7d358', time: '2018-11-14T08:17:03'
System info: host: 'MacBook-Pro.lan', ip: '2603:7000:cc03:42aa:0:0:0:1ae3%en0', os.name: 'Mac OS X', os.arch: 'aarch64', os.version: '12.0', java.version: '17'
Driver info: org.openqa.selenium.chrome.ChromeDriver
Capabilities {acceptInsecureCerts: false, browserName: chrome, browserVersion: 92.0.4515.159, chrome: {chromedriverVersion: 92.0.4515.107 (87a818b10553..., userDataDir: /var/folders/7h/kpzp938139d...}, goog:chromeOptions: {debuggerAddress: localhost:56688}, javascriptEnabled: true, networkConnectionEnabled: false, pageLoadStrategy: normal, platform: MAC, platformName: MAC, proxy: Proxy(), setWindowRect: true, strictFileInteractability: false, timeouts: {implicit: 0, pageLoad: 300000, script: 30000}, unhandledPromptBehavior: dismiss and notify, webauthn:extension:credBlob: true, webauthn:extension:largeBlob: true, webauthn:virtualAuthenticators: true}
Session ID: 476d7441b7f4d4d72553fe808fdc4aad
*** Element info: {Using=xpath, value=//span[normalize-space()='Savings Center: New Lower Prices']}
]]></error>
    <system-out><![CDATA[
@New_LowerPrice
Scenario: User would like to see the New Lower Prices   &amp#27;[90m# src/test/resources/Features/HomeDepot_Test.feature:50&amp#27;[0m
18:35:45.404 [main] &amp#27;[0mINFO  step_definations.Hooks - Launch Chrome Browser&amp#27;[m
18:35:59.834 [main] &amp#27;[0mINFO  step_definations.ElectricalSteps - User is on the Home Page&amp#27;[m
  &amp#27;[32mGiven &amp#27;[0m&amp#27;[32mUser on the Home Page&amp#27;[0m                           &amp#27;[90m# step_definations.ElectricalSteps.navigateToHomePageForElectrical()&amp#27;[0m
18:36:08.507 [main] &amp#27;[0mINFO  step_definations.ElectricalSteps - User is on the Home Page&amp#27;[m
  &amp#27;[32mGiven &amp#27;[0m&amp#27;[32mUser on the Home Page&amp#27;[0m                           &amp#27;[90m# step_definations.ElectricalSteps.navigateToHomePageForElectrical()&amp#27;[0m
  &amp#27;[32mWhen &amp#27;[0m&amp#27;[32mMouse hover on Specials & Offers&amp#27;[0m                 &amp#27;[90m# step_definations.NewLowerPriceSteps.mouseHoverOnSpecialsandOffersSteps()&amp#27;[0m
  &amp#27;[32mAnd &amp#27;[0m&amp#27;[32mClick on New Lower Price&amp#27;[0m                          &amp#27;[90m# step_definations.NewLowerPriceSteps.clickOnNewLowerPriceSteps()&amp#27;[0m
  &amp#27;[31mThen &amp#27;[0m&amp#27;[31mUser should able to see Click on New Lower Price&amp#27;[0m &amp#27;[90m# step_definations.NewLowerPriceSteps.validateNewLowerPriceSteps()&amp#27;[0m
      &amp#27;[31morg.openqa.selenium.NoSuchElementException: no such element: Unable to locate element: {"method":"xpath","selector":"//span[normalize-space()='Savings Center: New Lower Prices']"}
  (Session info: chrome=92.0.4515.159)
For documentation on this error, please visit: https://www.seleniumhq.org/exceptions/no_such_element.html
Build info: version: '3.141.59', revision: 'e82be7d358', time: '2018-11-14T08:17:03'
System info: host: 'MacBook-Pro.lan', ip: '2603:7000:cc03:42aa:0:0:0:1ae3%en0', os.name: 'Mac OS X', os.arch: 'aarch64', os.version: '12.0', java.version: '17'
Driver info: org.openqa.selenium.chrome.ChromeDriver
Capabilities {acceptInsecureCerts: false, browserName: chrome, browserVersion: 92.0.4515.159, chrome: {chromedriverVersion: 92.0.4515.107 (87a818b10553..., userDataDir: /var/folders/7h/kpzp938139d...}, goog:chromeOptions: {debuggerAddress: localhost:56688}, javascriptEnabled: true, networkConnectionEnabled: false, pageLoadStrategy: normal, platform: MAC, platformName: MAC, proxy: Proxy(), setWindowRect: true, strictFileInteractability: false, timeouts: {implicit: 0, pageLoad: 300000, script: 30000}, unhandledPromptBehavior: dismiss and notify, webauthn:extension:credBlob: true, webauthn:extension:largeBlob: true, webauthn:virtualAuthenticators: true}
Session ID: 476d7441b7f4d4d72553fe808fdc4aad
*** Element info: {Using=xpath, value=//span[normalize-space()='Savings Center: New Lower Prices']}
	at java.base/jdk.internal.reflect.NativeConstructorAccessorImpl.newInstance0(Native Method)
	at java.base/jdk.internal.reflect.NativeConstructorAccessorImpl.newInstance(NativeConstructorAccessorImpl.java:77)
	at java.base/jdk.internal.reflect.DelegatingConstructorAccessorImpl.newInstance(DelegatingConstructorAccessorImpl.java:45)
	at java.base/java.lang.reflect.Constructor.newInstanceWithCaller(Constructor.java:499)
	at java.base/java.lang.reflect.Constructor.newInstance(Constructor.java:480)
	at org.openqa.selenium.remote.http.W3CHttpResponseCodec.createException(W3CHttpResponseCodec.java:187)
	at org.openqa.selenium.remote.http.W3CHttpResponseCodec.decode(W3CHttpResponseCodec.java:122)
	at org.openqa.selenium.remote.http.W3CHttpResponseCodec.decode(W3CHttpResponseCodec.java:49)
	at org.openqa.selenium.remote.HttpCommandExecutor.execute(HttpCommandExecutor.java:158)
	at org.openqa.selenium.remote.service.DriverCommandExecutor.execute(DriverCommandExecutor.java:83)
	at org.openqa.selenium.remote.RemoteWebDriver.execute(RemoteWebDriver.java:552)
	at org.openqa.selenium.remote.RemoteWebDriver.findElement(RemoteWebDriver.java:323)
	at org.openqa.selenium.remote.RemoteWebDriver.findElementByXPath(RemoteWebDriver.java:428)
	at org.openqa.selenium.By$ByXPath.findElement(By.java:353)
	at org.openqa.selenium.remote.RemoteWebDriver.findElement(RemoteWebDriver.java:315)
	at page_object.NewLowerPrice.validateNewLowerPrice(NewLowerPrice.java:36)
	at step_definations.NewLowerPriceSteps.validateNewLowerPriceSteps(NewLowerPriceSteps.java:31)
	at ✽.User should able to see Click on New Lower Price(file:///Users/akashsarker/Desktop/qa_class2021/HomeDepot_Project/src/test/resources/Features/HomeDepot_Test.feature:55)
&amp#27;[0m
18:36:24.858 [main] &amp#27;[0mINFO  step_definations.Hooks - Close Chrome Browser&amp#27;[m
]]></system-out>
    <system-err><![CDATA[Starting ChromeDriver 92.0.4515.107 (87a818b10553a07434ea9e2b6dccf3cbe7895134-refs/branch-heads/4515@{#1634}) on port 32007
Only local connections are allowed.
Please see https://chromedriver.chromium.org/security-considerations for suggestions on keeping ChromeDriver safe.
[1632522944.057][WARNING]: FromSockAddr failed on netmask
ChromeDriver was started successfully.
Sep 24, 2021 6:35:45 PM org.openqa.selenium.remote.ProtocolHandshake createSession
INFO: Detected dialect: W3C
]]></system-err>
  </testcase>
  <testcase name="User would like to see Paint Page" classname="Test Home Depot functionalities" time="26.06">
    <system-out><![CDATA[
@Paint
Scenario: User would like to see Paint Page &amp#27;[90m# src/test/resources/Features/HomeDepot_Test.feature:59&amp#27;[0m
18:36:26.376 [main] &amp#27;[0mINFO  step_definations.Hooks - Launch Chrome Browser&amp#27;[m
18:36:38.583 [main] &amp#27;[0mINFO  step_definations.ElectricalSteps - User is on the Home Page&amp#27;[m
  &amp#27;[32mGiven &amp#27;[0m&amp#27;[32mUser on the Home Page&amp#27;[0m               &amp#27;[90m# step_definations.ElectricalSteps.navigateToHomePageForElectrical()&amp#27;[0m
  &amp#27;[32mWhen &amp#27;[0m&amp#27;[32mUser Mouse hover on All Departments&amp#27;[0m  &amp#27;[90m# step_definations.ElectricalSteps.mouseHoverToAllDepartments()&amp#27;[0m
  &amp#27;[32mAnd &amp#27;[0m&amp#27;[32mClick on Paint&amp#27;[0m                        &amp#27;[90m# step_definations.PaintSteps.clickOnPaintStep()&amp#27;[0m
  &amp#27;[32mThen &amp#27;[0m&amp#27;[32mUser should open the Paint Page&amp#27;[0m      &amp#27;[90m# step_definations.PaintSteps.validatePaintStep()&amp#27;[0m
18:36:50.853 [main] &amp#27;[0mINFO  step_definations.Hooks - Close Chrome Browser&amp#27;[m
]]></system-out>
    <system-err><![CDATA[Starting ChromeDriver 92.0.4515.107 (87a818b10553a07434ea9e2b6dccf3cbe7895134-refs/branch-heads/4515@{#1634}) on port 31977
Only local connections are allowed.
Please see https://chromedriver.chromium.org/security-considerations for suggestions on keeping ChromeDriver safe.
[1632522984.991][WARNING]: FromSockAddr failed on netmask
ChromeDriver was started successfully.
Sep 24, 2021 6:36:26 PM org.openqa.selenium.remote.ProtocolHandshake createSession
INFO: Detected dialect: W3C
]]></system-err>
  </testcase>
  <testcase name="User would like to see all Privacy and Security Center Options" classname="Test Home Depot functionalities" time="26.414">
    <system-out><![CDATA[
@PrivacyAndSecurityCenter
Scenario: User would like to see all Privacy and Security Center Options &amp#27;[90m# src/test/resources/Features/HomeDepot_Test.feature:66&amp#27;[0m
18:36:52.406 [main] &amp#27;[0mINFO  step_definations.Hooks - Launch Chrome Browser&amp#27;[m
18:37:05.391 [main] &amp#27;[0mINFO  step_definations.ElectricalSteps - User is on the Home Page&amp#27;[m
  &amp#27;[32mGiven &amp#27;[0m&amp#27;[32mUser on the Home Page&amp#27;[0m                                            &amp#27;[90m# step_definations.ElectricalSteps.navigateToHomePageForElectrical()&amp#27;[0m
18:37:13.538 [main] &amp#27;[0mINFO  step_definations.ElectricalSteps - User is on the Home Page&amp#27;[m
  &amp#27;[32mGiven &amp#27;[0m&amp#27;[32mUser on the Home Page&amp#27;[0m                                            &amp#27;[90m# step_definations.ElectricalSteps.navigateToHomePageForElectrical()&amp#27;[0m
  &amp#27;[32mAnd &amp#27;[0m&amp#27;[32mClick on Privacy and Security Center&amp#27;[0m                               &amp#27;[90m# step_definations.PrivacyAndSecurityCenterSteps.clickOnPrivacyAndPolicySteps()&amp#27;[0m
  &amp#27;[32mThen &amp#27;[0m&amp#27;[32mUser should able to see Privacy and Security Page&amp#27;[0m                 &amp#27;[90m# step_definations.PrivacyAndSecurityCenterSteps.setValidatePrivacyAndSecuritySteps()&amp#27;[0m
18:37:17.322 [main] &amp#27;[0mINFO  step_definations.Hooks - Close Chrome Browser&amp#27;[m
]]></system-out>
    <system-err><![CDATA[Starting ChromeDriver 92.0.4515.107 (87a818b10553a07434ea9e2b6dccf3cbe7895134-refs/branch-heads/4515@{#1634}) on port 34446
Only local connections are allowed.
Please see https://chromedriver.chromium.org/security-considerations for suggestions on keeping ChromeDriver safe.
[1632523011.046][WARNING]: FromSockAddr failed on netmask
ChromeDriver was started successfully.
Sep 24, 2021 6:36:52 PM org.openqa.selenium.remote.ProtocolHandshake createSession
INFO: Detected dialect: W3C
]]></system-err>
  </testcase>
  <testcase name="User would like to Search An Item" classname="Test Home Depot functionalities" time="32.111">
    <system-out><![CDATA[
@Search @Positive_Test
Scenario: User would like to Search An Item    &amp#27;[90m# src/test/resources/Features/HomeDepot_Test.feature:74&amp#27;[0m
18:37:18.748 [main] &amp#27;[0mINFO  step_definations.Hooks - Launch Chrome Browser&amp#27;[m
18:37:33.176 [main] &amp#27;[0mINFO  step_definations.ElectricalSteps - User is on the Home Page&amp#27;[m
  &amp#27;[32mGiven &amp#27;[0m&amp#27;[32mUser on the Home Page&amp#27;[0m                  &amp#27;[90m# step_definations.ElectricalSteps.navigateToHomePageForElectrical()&amp#27;[0m
  &amp#27;[32mAnd &amp#27;[0m&amp#27;[32mClick on the Search Bar&amp#27;[0m                  &amp#27;[90m# step_definations.SearchSteps.clickOnSearchBarStep()&amp#27;[0m
18:37:40.090 [main] &amp#27;[0mINFO  step_definations.SearchSteps - User entered the item in the search bar&amp#27;[m
  &amp#27;[32mWhen &amp#27;[0m&amp#27;[32mUser would like to Search "&amp#27;[0m&amp#27;[32m&amp#27;[1mDoor Bell&amp#27;[0m&amp#27;[32m"&amp#27;[0m   &amp#27;[90m# step_definations.SearchSteps.enterSearchItem(java.lang.String)&amp#27;[0m
  &amp#27;[32mAnd &amp#27;[0m&amp#27;[32mClick on Search Button&amp#27;[0m                   &amp#27;[90m# step_definations.SearchSteps.clickOnSearchButtonSteps()&amp#27;[0m
  &amp#27;[32mThen &amp#27;[0m&amp#27;[32mUser should able to see the Search Item&amp#27;[0m &amp#27;[90m# step_definations.SearchSteps.valodateSearchBarStep()&amp#27;[0m
18:37:49.444 [main] &amp#27;[0mINFO  step_definations.Hooks - Close Chrome Browser&amp#27;[m
]]></system-out>
    <system-err><![CDATA[Starting ChromeDriver 92.0.4515.107 (87a818b10553a07434ea9e2b6dccf3cbe7895134-refs/branch-heads/4515@{#1634}) on port 11873
Only local connections are allowed.
Please see https://chromedriver.chromium.org/security-considerations for suggestions on keeping ChromeDriver safe.
[1632523037.461][WARNING]: FromSockAddr failed on netmask
ChromeDriver was started successfully.
Sep 24, 2021 6:37:18 PM org.openqa.selenium.remote.ProtocolHandshake createSession
INFO: Detected dialect: W3C
]]></system-err>
  </testcase>
  <testcase name="Check Search Funtionality with valid Credential" classname="Test Home Depot functionalities" time="49.025">
    <error type="org.openqa.selenium.NoSuchElementException"><![CDATA[org.openqa.selenium.NoSuchElementException: 
no such element: Unable to locate element: {"method":"xpath","selector":"//h1[normalize-space()='Doorbells']"}
  (Session info: chrome=92.0.4515.159)
For documentation on this error, please visit: https://www.seleniumhq.org/exceptions/no_such_element.html
Build info: version: '3.141.59', revision: 'e82be7d358', time: '2018-11-14T08:17:03'
System info: host: 'MacBook-Pro.lan', ip: '2603:7000:cc03:42aa:0:0:0:1ae3%en0', os.name: 'Mac OS X', os.arch: 'aarch64', os.version: '12.0', java.version: '17'
Driver info: org.openqa.selenium.chrome.ChromeDriver
Capabilities {acceptInsecureCerts: false, browserName: chrome, browserVersion: 92.0.4515.159, chrome: {chromedriverVersion: 92.0.4515.107 (87a818b10553..., userDataDir: /var/folders/7h/kpzp938139d...}, goog:chromeOptions: {debuggerAddress: localhost:57139}, javascriptEnabled: true, networkConnectionEnabled: false, pageLoadStrategy: normal, platform: MAC, platformName: MAC, proxy: Proxy(), setWindowRect: true, strictFileInteractability: false, timeouts: {implicit: 0, pageLoad: 300000, script: 30000}, unhandledPromptBehavior: dismiss and notify, webauthn:extension:credBlob: true, webauthn:extension:largeBlob: true, webauthn:virtualAuthenticators: true}
Session ID: 7a8e51c3db8a24bce97fcfee7a35e951
*** Element info: {Using=xpath, value=//h1[normalize-space()='Doorbells']}
]]></error>
    <system-out><![CDATA[
@DataDriven_Test
Scenario Outline: Check Search Funtionality with valid Credential &amp#27;[90m# src/test/resources/Features/HomeDepot_Test.feature:92&amp#27;[0m
18:37:51.007 [main] &amp#27;[0mINFO  step_definations.Hooks - Launch Chrome Browser&amp#27;[m
18:38:04.442 [main] &amp#27;[0mINFO  step_definations.ElectricalSteps - User is on the Home Page&amp#27;[m
  &amp#27;[32mGiven &amp#27;[0m&amp#27;[32mUser on the Home Page&amp#27;[0m                                     &amp#27;[90m# step_definations.ElectricalSteps.navigateToHomePageForElectrical()&amp#27;[0m
  &amp#27;[32mAnd &amp#27;[0m&amp#27;[32mClick on the Search Bar&amp#27;[0m                                     &amp#27;[90m# step_definations.SearchSteps.clickOnSearchBarStep()&amp#27;[0m
18:38:12.940 [main] &amp#27;[0mINFO  step_definations.SearchSteps - User entered the item in the search bar&amp#27;[m
  &amp#27;[32mWhen &amp#27;[0m&amp#27;[32mUser would like to Search "&amp#27;[0m&amp#27;[32m&amp#27;[1mDoor Bell&amp#27;[0m&amp#27;[32m"&amp#27;[0m                      &amp#27;[90m# step_definations.SearchSteps.enterSearchItem(java.lang.String)&amp#27;[0m
  &amp#27;[32mAnd &amp#27;[0m&amp#27;[32mClick on Search Button&amp#27;[0m                                      &amp#27;[90m# step_definations.SearchSteps.clickOnSearchButtonSteps()&amp#27;[0m
  &amp#27;[31mThen &amp#27;[0m&amp#27;[31mUser should able to see the Search Item&amp#27;[0m                    &amp#27;[90m# step_definations.SearchSteps.valodateSearchBarStep()&amp#27;[0m
      &amp#27;[31morg.openqa.selenium.NoSuchElementException: no such element: Unable to locate element: {"method":"xpath","selector":"//h1[normalize-space()='Doorbells']"}
  (Session info: chrome=92.0.4515.159)
For documentation on this error, please visit: https://www.seleniumhq.org/exceptions/no_such_element.html
Build info: version: '3.141.59', revision: 'e82be7d358', time: '2018-11-14T08:17:03'
System info: host: 'MacBook-Pro.lan', ip: '2603:7000:cc03:42aa:0:0:0:1ae3%en0', os.name: 'Mac OS X', os.arch: 'aarch64', os.version: '12.0', java.version: '17'
Driver info: org.openqa.selenium.chrome.ChromeDriver
Capabilities {acceptInsecureCerts: false, browserName: chrome, browserVersion: 92.0.4515.159, chrome: {chromedriverVersion: 92.0.4515.107 (87a818b10553..., userDataDir: /var/folders/7h/kpzp938139d...}, goog:chromeOptions: {debuggerAddress: localhost:57139}, javascriptEnabled: true, networkConnectionEnabled: false, pageLoadStrategy: normal, platform: MAC, platformName: MAC, proxy: Proxy(), setWindowRect: true, strictFileInteractability: false, timeouts: {implicit: 0, pageLoad: 300000, script: 30000}, unhandledPromptBehavior: dismiss and notify, webauthn:extension:credBlob: true, webauthn:extension:largeBlob: true, webauthn:virtualAuthenticators: true}
Session ID: 7a8e51c3db8a24bce97fcfee7a35e951
*** Element info: {Using=xpath, value=//h1[normalize-space()='Doorbells']}
	at java.base/jdk.internal.reflect.NativeConstructorAccessorImpl.newInstance0(Native Method)
	at java.base/jdk.internal.reflect.NativeConstructorAccessorImpl.newInstance(NativeConstructorAccessorImpl.java:77)
	at java.base/jdk.internal.reflect.DelegatingConstructorAccessorImpl.newInstance(DelegatingConstructorAccessorImpl.java:45)
	at java.base/java.lang.reflect.Constructor.newInstanceWithCaller(Constructor.java:499)
	at java.base/java.lang.reflect.Constructor.newInstance(Constructor.java:480)
	at org.openqa.selenium.remote.http.W3CHttpResponseCodec.createException(W3CHttpResponseCodec.java:187)
	at org.openqa.selenium.remote.http.W3CHttpResponseCodec.decode(W3CHttpResponseCodec.java:122)
	at org.openqa.selenium.remote.http.W3CHttpResponseCodec.decode(W3CHttpResponseCodec.java:49)
	at org.openqa.selenium.remote.HttpCommandExecutor.execute(HttpCommandExecutor.java:158)
	at org.openqa.selenium.remote.service.DriverCommandExecutor.execute(DriverCommandExecutor.java:83)
	at org.openqa.selenium.remote.RemoteWebDriver.execute(RemoteWebDriver.java:552)
	at org.openqa.selenium.remote.RemoteWebDriver.findElement(RemoteWebDriver.java:323)
	at org.openqa.selenium.remote.RemoteWebDriver.findElementByXPath(RemoteWebDriver.java:428)
	at org.openqa.selenium.By$ByXPath.findElement(By.java:353)
	at org.openqa.selenium.remote.RemoteWebDriver.findElement(RemoteWebDriver.java:315)
	at page_object.Search.valodateSearchBar(Search.java:42)
	at step_definations.SearchSteps.valodateSearchBarStep(SearchSteps.java:41)
	at ✽.User should able to see the Search Item(file:///Users/akashsarker/Desktop/qa_class2021/HomeDepot_Project/src/test/resources/Features/HomeDepot_Test.feature:88)
&amp#27;[0m
18:38:38.462 [main] &amp#27;[0mINFO  step_definations.Hooks - Close Chrome Browser&amp#27;[m
]]></system-out>
    <system-err><![CDATA[Starting ChromeDriver 92.0.4515.107 (87a818b10553a07434ea9e2b6dccf3cbe7895134-refs/branch-heads/4515@{#1634}) on port 27857
Only local connections are allowed.
Please see https://chromedriver.chromium.org/security-considerations for sug[g1e6s3t2i5ons2 30o6n9 .k5e8e5]ping[ WCAhRrNoINmGe]Driv:e rF rosmaSfoec.
kAddr failed on netmask
ChromeDriver was started successfully.
Sep 24, 2021 6:37:51 PM org.openqa.selenium.remote.ProtocolHandshake createSession
INFO: Detected dialect: W3C
]]></system-err>
  </testcase>
  <testcase name="Sign in to the HomeDepot Account" classname="Test Home Depot functionalities" time="49.246">
    <error type="org.openqa.selenium.NoSuchElementException"><![CDATA[org.openqa.selenium.NoSuchElementException: 
no such element: Unable to locate element: {"method":"xpath","selector":"//div[@class='welcomeMessage heavyText col__12-12 u--paddingNormal-top u__text-align--center']"}
  (Session info: chrome=92.0.4515.159)
For documentation on this error, please visit: https://www.seleniumhq.org/exceptions/no_such_element.html
Build info: version: '3.141.59', revision: 'e82be7d358', time: '2018-11-14T08:17:03'
System info: host: 'MacBook-Pro.lan', ip: '2603:7000:cc03:42aa:0:0:0:1ae3%en0', os.name: 'Mac OS X', os.arch: 'aarch64', os.version: '12.0', java.version: '17'
Driver info: org.openqa.selenium.chrome.ChromeDriver
Capabilities {acceptInsecureCerts: false, browserName: chrome, browserVersion: 92.0.4515.159, chrome: {chromedriverVersion: 92.0.4515.107 (87a818b10553..., userDataDir: /var/folders/7h/kpzp938139d...}, goog:chromeOptions: {debuggerAddress: localhost:57264}, javascriptEnabled: true, networkConnectionEnabled: false, pageLoadStrategy: normal, platform: MAC, platformName: MAC, proxy: Proxy(), setWindowRect: true, strictFileInteractability: false, timeouts: {implicit: 0, pageLoad: 300000, script: 30000}, unhandledPromptBehavior: dismiss and notify, webauthn:extension:credBlob: true, webauthn:extension:largeBlob: true, webauthn:virtualAuthenticators: true}
Session ID: a9a47ff9108142536b590945fe1c7155
*** Element info: {Using=xpath, value=//div[@class='welcomeMessage heavyText col__12-12 u--paddingNormal-top u__text-align--center']}
]]></error>
    <system-out><![CDATA[
@SignIn_Page @positive_test
Scenario: Sign in to the HomeDepot Account                                     &amp#27;[90m# src/test/resources/Features/HomeDepot_Test.feature:96&amp#27;[0m
18:38:40.085 [main] &amp#27;[0mINFO  step_definations.Hooks - Launch Chrome Browser&amp#27;[m
18:38:54.533 [main] &amp#27;[0mINFO  step_definations.ElectricalSteps - User is on the Home Page&amp#27;[m
  &amp#27;[32mGiven &amp#27;[0m&amp#27;[32mUser on the Home Page&amp#27;[0m                                                  &amp#27;[90m# step_definations.ElectricalSteps.navigateToHomePageForElectrical()&amp#27;[0m
  &amp#27;[32mAnd &amp#27;[0m&amp#27;[32mClick on My Account&amp#27;[0m                                                      &amp#27;[90m# step_definations.SignInSteps.clickOnMyAccountSteps()&amp#27;[0m
  &amp#27;[32mAnd &amp#27;[0m&amp#27;[32mClick on Sign in button&amp#27;[0m                                                  &amp#27;[90m# step_definations.SignInSteps.clickOnSigninButtonSteps()&amp#27;[0m
18:39:10.788 [main] &amp#27;[0mINFO  step_definations.SignInSteps - user has entered Credentials&amp#27;[m
  &amp#27;[32mWhen &amp#27;[0m&amp#27;[32muser enters email "&amp#27;[0m&amp#27;[32m&amp#27;[1masarker0420@gmail.com&amp#27;[0m&amp#27;[32m" and password "&amp#27;[0m&amp#27;[32m&amp#27;[1mIdontknow0420@&amp#27;[0m&amp#27;[32m"&amp#27;[0m &amp#27;[90m# step_definations.SignInSteps.enterUserCredentials(java.lang.String,java.lang.String)&amp#27;[0m
  &amp#27;[32mAnd &amp#27;[0m&amp#27;[32mClick on Sign In&amp#27;[0m                                                         &amp#27;[90m# step_definations.SignInSteps.clickOnSigninSteps()&amp#27;[0m
  &amp#27;[31mThen &amp#27;[0m&amp#27;[31muser is navigated to home page&amp#27;[0m                                          &amp#27;[90m# step_definations.SignInSteps.validateUserLogInSuccessfully()&amp#27;[0m
      &amp#27;[31morg.openqa.selenium.NoSuchElementException: no such element: Unable to locate element: {"method":"xpath","selector":"//div[@class='welcomeMessage heavyText col__12-12 u--paddingNormal-top u__text-align--center']"}
  (Session info: chrome=92.0.4515.159)
For documentation on this error, please visit: https://www.seleniumhq.org/exceptions/no_such_element.html
Build info: version: '3.141.59', revision: 'e82be7d358', time: '2018-11-14T08:17:03'
System info: host: 'MacBook-Pro.lan', ip: '2603:7000:cc03:42aa:0:0:0:1ae3%en0', os.name: 'Mac OS X', os.arch: 'aarch64', os.version: '12.0', java.version: '17'
Driver info: org.openqa.selenium.chrome.ChromeDriver
Capabilities {acceptInsecureCerts: false, browserName: chrome, browserVersion: 92.0.4515.159, chrome: {chromedriverVersion: 92.0.4515.107 (87a818b10553..., userDataDir: /var/folders/7h/kpzp938139d...}, goog:chromeOptions: {debuggerAddress: localhost:57264}, javascriptEnabled: true, networkConnectionEnabled: false, pageLoadStrategy: normal, platform: MAC, platformName: MAC, proxy: Proxy(), setWindowRect: true, strictFileInteractability: false, timeouts: {implicit: 0, pageLoad: 300000, script: 30000}, unhandledPromptBehavior: dismiss and notify, webauthn:extension:credBlob: true, webauthn:extension:largeBlob: true, webauthn:virtualAuthenticators: true}
Session ID: a9a47ff9108142536b590945fe1c7155
*** Element info: {Using=xpath, value=//div[@class='welcomeMessage heavyText col__12-12 u--paddingNormal-top u__text-align--center']}
	at java.base/jdk.internal.reflect.NativeConstructorAccessorImpl.newInstance0(Native Method)
	at java.base/jdk.internal.reflect.NativeConstructorAccessorImpl.newInstance(NativeConstructorAccessorImpl.java:77)
	at java.base/jdk.internal.reflect.DelegatingConstructorAccessorImpl.newInstance(DelegatingConstructorAccessorImpl.java:45)
	at java.base/java.lang.reflect.Constructor.newInstanceWithCaller(Constructor.java:499)
	at java.base/java.lang.reflect.Constructor.newInstance(Constructor.java:480)
	at org.openqa.selenium.remote.http.W3CHttpResponseCodec.createException(W3CHttpResponseCodec.java:187)
	at org.openqa.selenium.remote.http.W3CHttpResponseCodec.decode(W3CHttpResponseCodec.java:122)
	at org.openqa.selenium.remote.http.W3CHttpResponseCodec.decode(W3CHttpResponseCodec.java:49)
	at org.openqa.selenium.remote.HttpCommandExecutor.execute(HttpCommandExecutor.java:158)
	at org.openqa.selenium.remote.service.DriverCommandExecutor.execute(DriverCommandExecutor.java:83)
	at org.openqa.selenium.remote.RemoteWebDriver.execute(RemoteWebDriver.java:552)
	at org.openqa.selenium.remote.RemoteWebDriver.findElement(RemoteWebDriver.java:323)
	at org.openqa.selenium.remote.RemoteWebDriver.findElementByXPath(RemoteWebDriver.java:428)
	at org.openqa.selenium.By$ByXPath.findElement(By.java:353)
	at org.openqa.selenium.remote.RemoteWebDriver.findElement(RemoteWebDriver.java:315)
	at page_object.SignIn.validateUserLogInSuccessfully(SignIn.java:45)
	at step_definations.SignInSteps.validateUserLogInSuccessfully(SignInSteps.java:57)
	at ✽.user is navigated to home page(file:///Users/akashsarker/Desktop/qa_class2021/HomeDepot_Project/src/test/resources/Features/HomeDepot_Test.feature:102)
&amp#27;[0m
18:39:27.713 [main] &amp#27;[0mINFO  step_definations.Hooks - Close Chrome Browser&amp#27;[m
]]></system-out>
    <system-err><![CDATA[Starting ChromeDriver 92.0.4515.107 (87a818b10553a07434ea9e2b6dccf3cbe7895134-refs/branch-heads/4515@{#1634}) on port 37180
Only local connections are allowed.
Please see https://chromedriver.chromium.org/security-considerations for suggestions on keeping ChromeDriver safe.
[1632523118.617][WARNING]: FromSockAddr failed on netmask
ChromeDriver was started successfully.
Sep 24, 2021 6:38:40 PM org.openqa.selenium.remote.ProtocolHandshake createSession
INFO: Detected dialect: W3C
]]></system-err>
  </testcase>
  <testcase name="Check login is successful with valid credentials #1" classname="Test Home Depot functionalities" time="47.127">
    <error type="org.openqa.selenium.NoSuchElementException"><![CDATA[org.openqa.selenium.NoSuchElementException: 
no such element: Unable to locate element: {"method":"xpath","selector":"//div[@class='welcomeMessage heavyText col__12-12 u--paddingNormal-top u__text-align--center']"}
  (Session info: chrome=92.0.4515.159)
For documentation on this error, please visit: https://www.seleniumhq.org/exceptions/no_such_element.html
Build info: version: '3.141.59', revision: 'e82be7d358', time: '2018-11-14T08:17:03'
System info: host: 'MacBook-Pro.lan', ip: '2603:7000:cc03:42aa:0:0:0:1ae3%en0', os.name: 'Mac OS X', os.arch: 'aarch64', os.version: '12.0', java.version: '17'
Driver info: org.openqa.selenium.chrome.ChromeDriver
Capabilities {acceptInsecureCerts: false, browserName: chrome, browserVersion: 92.0.4515.159, chrome: {chromedriverVersion: 92.0.4515.107 (87a818b10553..., userDataDir: /var/folders/7h/kpzp938139d...}, goog:chromeOptions: {debuggerAddress: localhost:57388}, javascriptEnabled: true, networkConnectionEnabled: false, pageLoadStrategy: normal, platform: MAC, platformName: MAC, proxy: Proxy(), setWindowRect: true, strictFileInteractability: false, timeouts: {implicit: 0, pageLoad: 300000, script: 30000}, unhandledPromptBehavior: dismiss and notify, webauthn:extension:credBlob: true, webauthn:extension:largeBlob: true, webauthn:virtualAuthenticators: true}
Session ID: 1ce823b5e3ef4cae116ec6c5fdf33d32
*** Element info: {Using=xpath, value=//div[@class='welcomeMessage heavyText col__12-12 u--paddingNormal-top u__text-align--center']}
]]></error>
    <system-out><![CDATA[
@dataDriven_test
Scenario Outline: Check login is successful with valid credentials             &amp#27;[90m# src/test/resources/Features/HomeDepot_Test.feature:116&amp#27;[0m
18:39:29.320 [main] &amp#27;[0mINFO  step_definations.Hooks - Launch Chrome Browser&amp#27;[m
18:39:42.072 [main] &amp#27;[0mINFO  step_definations.ElectricalSteps - User is on the Home Page&amp#27;[m
  &amp#27;[32mGiven &amp#27;[0m&amp#27;[32mUser on the Home Page&amp#27;[0m                                                  &amp#27;[90m# step_definations.ElectricalSteps.navigateToHomePageForElectrical()&amp#27;[0m
  &amp#27;[32mAnd &amp#27;[0m&amp#27;[32mClick on My Account&amp#27;[0m                                                      &amp#27;[90m# step_definations.SignInSteps.clickOnMyAccountSteps()&amp#27;[0m
  &amp#27;[32mAnd &amp#27;[0m&amp#27;[32mClick on Sign in button&amp#27;[0m                                                  &amp#27;[90m# step_definations.SignInSteps.clickOnSigninButtonSteps()&amp#27;[0m
18:39:58.279 [main] &amp#27;[0mINFO  step_definations.SignInSteps - user has entered Credentials&amp#27;[m
  &amp#27;[32mWhen &amp#27;[0m&amp#27;[32muser enters email "&amp#27;[0m&amp#27;[32m&amp#27;[1masarker0420@gmail.com&amp#27;[0m&amp#27;[32m" and password "&amp#27;[0m&amp#27;[32m&amp#27;[1mIdontknow0420@&amp#27;[0m&amp#27;[32m"&amp#27;[0m &amp#27;[90m# step_definations.SignInSteps.enterUserCredentials(java.lang.String,java.lang.String)&amp#27;[0m
  &amp#27;[32mAnd &amp#27;[0m&amp#27;[32mClick on Sign In&amp#27;[0m                                                         &amp#27;[90m# step_definations.SignInSteps.clickOnSigninSteps()&amp#27;[0m
  &amp#27;[31mThen &amp#27;[0m&amp#27;[31muser is navigated to home page&amp#27;[0m                                          &amp#27;[90m# step_definations.SignInSteps.validateUserLogInSuccessfully()&amp#27;[0m
      &amp#27;[31morg.openqa.selenium.NoSuchElementException: no such element: Unable to locate element: {"method":"xpath","selector":"//div[@class='welcomeMessage heavyText col__12-12 u--paddingNormal-top u__text-align--center']"}
  (Session info: chrome=92.0.4515.159)
For documentation on this error, please visit: https://www.seleniumhq.org/exceptions/no_such_element.html
Build info: version: '3.141.59', revision: 'e82be7d358', time: '2018-11-14T08:17:03'
System info: host: 'MacBook-Pro.lan', ip: '2603:7000:cc03:42aa:0:0:0:1ae3%en0', os.name: 'Mac OS X', os.arch: 'aarch64', os.version: '12.0', java.version: '17'
Driver info: org.openqa.selenium.chrome.ChromeDriver
Capabilities {acceptInsecureCerts: false, browserName: chrome, browserVersion: 92.0.4515.159, chrome: {chromedriverVersion: 92.0.4515.107 (87a818b10553..., userDataDir: /var/folders/7h/kpzp938139d...}, goog:chromeOptions: {debuggerAddress: localhost:57388}, javascriptEnabled: true, networkConnectionEnabled: false, pageLoadStrategy: normal, platform: MAC, platformName: MAC, proxy: Proxy(), setWindowRect: true, strictFileInteractability: false, timeouts: {implicit: 0, pageLoad: 300000, script: 30000}, unhandledPromptBehavior: dismiss and notify, webauthn:extension:credBlob: true, webauthn:extension:largeBlob: true, webauthn:virtualAuthenticators: true}
Session ID: 1ce823b5e3ef4cae116ec6c5fdf33d32
*** Element info: {Using=xpath, value=//div[@class='welcomeMessage heavyText col__12-12 u--paddingNormal-top u__text-align--center']}
	at java.base/jdk.internal.reflect.NativeConstructorAccessorImpl.newInstance0(Native Method)
	at java.base/jdk.internal.reflect.NativeConstructorAccessorImpl.newInstance(NativeConstructorAccessorImpl.java:77)
	at java.base/jdk.internal.reflect.DelegatingConstructorAccessorImpl.newInstance(DelegatingConstructorAccessorImpl.java:45)
	at java.base/java.lang.reflect.Constructor.newInstanceWithCaller(Constructor.java:499)
	at java.base/java.lang.reflect.Constructor.newInstance(Constructor.java:480)
	at org.openqa.selenium.remote.http.W3CHttpResponseCodec.createException(W3CHttpResponseCodec.java:187)
	at org.openqa.selenium.remote.http.W3CHttpResponseCodec.decode(W3CHttpResponseCodec.java:122)
	at org.openqa.selenium.remote.http.W3CHttpResponseCodec.decode(W3CHttpResponseCodec.java:49)
	at org.openqa.selenium.remote.HttpCommandExecutor.execute(HttpCommandExecutor.java:158)
	at org.openqa.selenium.remote.service.DriverCommandExecutor.execute(DriverCommandExecutor.java:83)
	at org.openqa.selenium.remote.RemoteWebDriver.execute(RemoteWebDriver.java:552)
	at org.openqa.selenium.remote.RemoteWebDriver.findElement(RemoteWebDriver.java:323)
	at org.openqa.selenium.remote.RemoteWebDriver.findElementByXPath(RemoteWebDriver.java:428)
	at org.openqa.selenium.By$ByXPath.findElement(By.java:353)
	at org.openqa.selenium.remote.RemoteWebDriver.findElement(RemoteWebDriver.java:315)
	at page_object.SignIn.validateUserLogInSuccessfully(SignIn.java:45)
	at step_definations.SignInSteps.validateUserLogInSuccessfully(SignInSteps.java:57)
	at ✽.user is navigated to home page(file:///Users/akashsarker/Desktop/qa_class2021/HomeDepot_Project/src/test/resources/Features/HomeDepot_Test.feature:112)
&amp#27;[0m
18:40:14.843 [main] &amp#27;[0mINFO  step_definations.Hooks - Close Chrome Browser&amp#27;[m
]]></system-out>
    <system-err><![CDATA[Starting ChromeDriver 92.0.4515.107 (87a818b10553a07434ea9e2b6dccf3cbe7895134-refs/branch-heads/4515@{#1634}) on port 33803
Only local connections are allowed.
Please see https://chromedriver.chromium.org/security-considerations for suggestions on keeping ChromeDriver safe.
[1632523167.851][WARNING]: FromSockAddr failed on netmask
ChromeDriver was started successfully.
Sep 24, 2021 6:39:29 PM org.openqa.selenium.remote.ProtocolHandshake createSession
INFO: Detected dialect: W3C
]]></system-err>
  </testcase>
  <testcase name="Check login is successful with valid credentials #2" classname="Test Home Depot functionalities" time="47.26">
    <error type="org.openqa.selenium.NoSuchElementException"><![CDATA[org.openqa.selenium.NoSuchElementException: 
no such element: Unable to locate element: {"method":"xpath","selector":"//div[@class='welcomeMessage heavyText col__12-12 u--paddingNormal-top u__text-align--center']"}
  (Session info: chrome=92.0.4515.159)
For documentation on this error, please visit: https://www.seleniumhq.org/exceptions/no_such_element.html
Build info: version: '3.141.59', revision: 'e82be7d358', time: '2018-11-14T08:17:03'
System info: host: 'MacBook-Pro.lan', ip: '2603:7000:cc03:42aa:0:0:0:1ae3%en0', os.name: 'Mac OS X', os.arch: 'aarch64', os.version: '12.0', java.version: '17'
Driver info: org.openqa.selenium.chrome.ChromeDriver
Capabilities {acceptInsecureCerts: false, browserName: chrome, browserVersion: 92.0.4515.159, chrome: {chromedriverVersion: 92.0.4515.107 (87a818b10553..., userDataDir: /var/folders/7h/kpzp938139d...}, goog:chromeOptions: {debuggerAddress: localhost:57512}, javascriptEnabled: true, networkConnectionEnabled: false, pageLoadStrategy: normal, platform: MAC, platformName: MAC, proxy: Proxy(), setWindowRect: true, strictFileInteractability: false, timeouts: {implicit: 0, pageLoad: 300000, script: 30000}, unhandledPromptBehavior: dismiss and notify, webauthn:extension:credBlob: true, webauthn:extension:largeBlob: true, webauthn:virtualAuthenticators: true}
Session ID: 7e90b054d63edd29ecfc61c51d82bd3c
*** Element info: {Using=xpath, value=//div[@class='welcomeMessage heavyText col__12-12 u--paddingNormal-top u__text-align--center']}
]]></error>
    <system-out><![CDATA[
@dataDriven_test
Scenario Outline: Check login is successful with valid credentials              &amp#27;[90m# src/test/resources/Features/HomeDepot_Test.feature:117&amp#27;[0m
18:40:16.366 [main] &amp#27;[0mINFO  step_definations.Hooks - Launch Chrome Browser&amp#27;[m
18:40:29.387 [main] &amp#27;[0mINFO  step_definations.ElectricalSteps - User is on the Home Page&amp#27;[m
  &amp#27;[32mGiven &amp#27;[0m&amp#27;[32mUser on the Home Page&amp#27;[0m                                                   &amp#27;[90m# step_definations.ElectricalSteps.navigateToHomePageForElectrical()&amp#27;[0m
  &amp#27;[32mAnd &amp#27;[0m&amp#27;[32mClick on My Account&amp#27;[0m                                                       &amp#27;[90m# step_definations.SignInSteps.clickOnMyAccountSteps()&amp#27;[0m
  &amp#27;[32mAnd &amp#27;[0m&amp#27;[32mClick on Sign in button&amp#27;[0m                                                   &amp#27;[90m# step_definations.SignInSteps.clickOnSigninButtonSteps()&amp#27;[0m
18:40:45.912 [main] &amp#27;[0mINFO  step_definations.SignInSteps - user has entered Credentials&amp#27;[m
  &amp#27;[32mWhen &amp#27;[0m&amp#27;[32muser enters email "&amp#27;[0m&amp#27;[32m&amp#27;[1makashsarker6@gmail.com&amp#27;[0m&amp#27;[32m" and password "&amp#27;[0m&amp#27;[32m&amp#27;[1mIdontknow0420@&amp#27;[0m&amp#27;[32m"&amp#27;[0m &amp#27;[90m# step_definations.SignInSteps.enterUserCredentials(java.lang.String,java.lang.String)&amp#27;[0m
  &amp#27;[32mAnd &amp#27;[0m&amp#27;[32mClick on Sign In&amp#27;[0m                                                          &amp#27;[90m# step_definations.SignInSteps.clickOnSigninSteps()&amp#27;[0m
  &amp#27;[31mThen &amp#27;[0m&amp#27;[31muser is navigated to home page&amp#27;[0m                                           &amp#27;[90m# step_definations.SignInSteps.validateUserLogInSuccessfully()&amp#27;[0m
      &amp#27;[31morg.openqa.selenium.NoSuchElementException: no such element: Unable to locate element: {"method":"xpath","selector":"//div[@class='welcomeMessage heavyText col__12-12 u--paddingNormal-top u__text-align--center']"}
  (Session info: chrome=92.0.4515.159)
For documentation on this error, please visit: https://www.seleniumhq.org/exceptions/no_such_element.html
Build info: version: '3.141.59', revision: 'e82be7d358', time: '2018-11-14T08:17:03'
System info: host: 'MacBook-Pro.lan', ip: '2603:7000:cc03:42aa:0:0:0:1ae3%en0', os.name: 'Mac OS X', os.arch: 'aarch64', os.version: '12.0', java.version: '17'
Driver info: org.openqa.selenium.chrome.ChromeDriver
Capabilities {acceptInsecureCerts: false, browserName: chrome, browserVersion: 92.0.4515.159, chrome: {chromedriverVersion: 92.0.4515.107 (87a818b10553..., userDataDir: /var/folders/7h/kpzp938139d...}, goog:chromeOptions: {debuggerAddress: localhost:57512}, javascriptEnabled: true, networkConnectionEnabled: false, pageLoadStrategy: normal, platform: MAC, platformName: MAC, proxy: Proxy(), setWindowRect: true, strictFileInteractability: false, timeouts: {implicit: 0, pageLoad: 300000, script: 30000}, unhandledPromptBehavior: dismiss and notify, webauthn:extension:credBlob: true, webauthn:extension:largeBlob: true, webauthn:virtualAuthenticators: true}
Session ID: 7e90b054d63edd29ecfc61c51d82bd3c
*** Element info: {Using=xpath, value=//div[@class='welcomeMessage heavyText col__12-12 u--paddingNormal-top u__text-align--center']}
	at java.base/jdk.internal.reflect.NativeConstructorAccessorImpl.newInstance0(Native Method)
	at java.base/jdk.internal.reflect.NativeConstructorAccessorImpl.newInstance(NativeConstructorAccessorImpl.java:77)
	at java.base/jdk.internal.reflect.DelegatingConstructorAccessorImpl.newInstance(DelegatingConstructorAccessorImpl.java:45)
	at java.base/java.lang.reflect.Constructor.newInstanceWithCaller(Constructor.java:499)
	at java.base/java.lang.reflect.Constructor.newInstance(Constructor.java:480)
	at org.openqa.selenium.remote.http.W3CHttpResponseCodec.createException(W3CHttpResponseCodec.java:187)
	at org.openqa.selenium.remote.http.W3CHttpResponseCodec.decode(W3CHttpResponseCodec.java:122)
	at org.openqa.selenium.remote.http.W3CHttpResponseCodec.decode(W3CHttpResponseCodec.java:49)
	at org.openqa.selenium.remote.HttpCommandExecutor.execute(HttpCommandExecutor.java:158)
	at org.openqa.selenium.remote.service.DriverCommandExecutor.execute(DriverCommandExecutor.java:83)
	at org.openqa.selenium.remote.RemoteWebDriver.execute(RemoteWebDriver.java:552)
	at org.openqa.selenium.remote.RemoteWebDriver.findElement(RemoteWebDriver.java:323)
	at org.openqa.selenium.remote.RemoteWebDriver.findElementByXPath(RemoteWebDriver.java:428)
	at org.openqa.selenium.By$ByXPath.findElement(By.java:353)
	at org.openqa.selenium.remote.RemoteWebDriver.findElement(RemoteWebDriver.java:315)
	at page_object.SignIn.validateUserLogInSuccessfully(SignIn.java:45)
	at step_definations.SignInSteps.validateUserLogInSuccessfully(SignInSteps.java:57)
	at ✽.user is navigated to home page(file:///Users/akashsarker/Desktop/qa_class2021/HomeDepot_Project/src/test/resources/Features/HomeDepot_Test.feature:112)
&amp#27;[0m
18:41:02.099 [main] &amp#27;[0mINFO  step_definations.Hooks - Close Chrome Browser&amp#27;[m
]]></system-out>
    <system-err><![CDATA[Starting ChromeDriver 92.0.4515.107 (87a818b10553a07434ea9e2b6dccf3cbe7895134-refs/branch-heads/4515@{#1634}) on port 16476
Only local connections are allowed.
Please see https://chrom[163e25d2r3i2ve1r.chr4om.i9u81m][W.ARoNIrNG]g:/ sFreomcSuorcikAddtr yfa-icleod nsoni dneetmarskatio
ns for suggestions on keeping ChromeDriver safe.
ChromeDriver was started successfully.
Sep 24, 2021 6:40:16 PM org.openqa.selenium.remote.ProtocolHandshake createSession
INFO: Detected dialect: W3C
]]></system-err>
  </testcase>
  <testcase name="User would like to see Store Location" classname="Test Home Depot functionalities" time="21.804">
    <system-out><![CDATA[
@Store_Location
Scenario: User would like to see Store Location &amp#27;[90m# src/test/resources/Features/HomeDepot_Test.feature:121&amp#27;[0m
18:41:04.101 [main] &amp#27;[0mINFO  step_definations.Hooks - Launch Chrome Browser&amp#27;[m
18:41:15.834 [main] &amp#27;[0mINFO  step_definations.ElectricalSteps - User is on the Home Page&amp#27;[m
  &amp#27;[32mGiven &amp#27;[0m&amp#27;[32mUser on the Home Page&amp#27;[0m                   &amp#27;[90m# step_definations.ElectricalSteps.navigateToHomePageForElectrical()&amp#27;[0m
  &amp#27;[32mAnd &amp#27;[0m&amp#27;[32mClick on Store Location Arrow&amp#27;[0m             &amp#27;[90m# step_definations.StoreLocationSteps.clickOnStoreLocationArrowSteps()&amp#27;[0m
  &amp#27;[32mAnd &amp#27;[0m&amp#27;[32mClick on Find Location Button&amp#27;[0m             &amp#27;[90m# step_definations.StoreLocationSteps.clickOnFindLocationSteps()&amp#27;[0m
  &amp#27;[32mThen &amp#27;[0m&amp#27;[32mUser should see the Store location&amp#27;[0m       &amp#27;[90m# step_definations.StoreLocationSteps.valodateStoreLocationSteps()&amp#27;[0m
18:41:23.918 [main] &amp#27;[0mINFO  step_definations.Hooks - Close Chrome Browser&amp#27;[m
]]></system-out>
    <system-err><![CDATA[Starting ChromeDriver 92.0.4515.107 (87a818b10553a07434ea9e2b6dccf3cbe7895134-refs/branch-heads/4515@{#1634}) on port 14874
Only local connections are allowed.
Please see https://chromedriver.chromium.org/security-considerations for suggestions on keeping ChromeDriver safe.
[1632523262.247][WARNING]: FromSockAddr failed on netmask
ChromeDriver was started successfully.
Sep 24, 2021 6:41:04 PM org.openqa.selenium.remote.ProtocolHandshake createSession
INFO: Detected dialect: W3C
]]></system-err>
  </testcase>
</testsuite>